{"F:\\downloads\\projects\\SOFT\\src\\server.js": {"path":"F:\\downloads\\projects\\SOFT\\src\\server.js","statementMap":{"0":{"start":{"line":1,"column":16},"end":{"line":1,"column":34}},"1":{"start":{"line":2,"column":13},"end":{"line":2,"column":28}},"2":{"start":{"line":3,"column":17},"end":{"line":3,"column":30}},"3":{"start":{"line":5,"column":12},"end":{"line":5,"column":21}},"4":{"start":{"line":7,"column":13},"end":{"line":13,"column":2}},"5":{"start":{"line":15,"column":0},"end":{"line":15,"column":24}},"6":{"start":{"line":16,"column":0},"end":{"line":16,"column":56}},"7":{"start":{"line":19,"column":0},"end":{"line":26,"column":3}},"8":{"start":{"line":20,"column":4},"end":{"line":25,"column":5}},"9":{"start":{"line":21,"column":23},"end":{"line":21,"column":83}},"10":{"start":{"line":22,"column":8},"end":{"line":22,"column":30}},"11":{"start":{"line":24,"column":8},"end":{"line":24,"column":58}},"12":{"start":{"line":29,"column":0},"end":{"line":41,"column":3}},"13":{"start":{"line":30,"column":4},"end":{"line":40,"column":5}},"14":{"start":{"line":31,"column":19},"end":{"line":31,"column":46}},"15":{"start":{"line":32,"column":8},"end":{"line":32,"column":81}},"16":{"start":{"line":32,"column":23},"end":{"line":32,"column":81}},"17":{"start":{"line":34,"column":23},"end":{"line":34,"column":91}},"18":{"start":{"line":35,"column":8},"end":{"line":35,"column":95}},"19":{"start":{"line":35,"column":38},"end":{"line":35,"column":95}},"20":{"start":{"line":37,"column":8},"end":{"line":37,"column":33}},"21":{"start":{"line":39,"column":8},"end":{"line":39,"column":58}},"22":{"start":{"line":44,"column":0},"end":{"line":59,"column":3}},"23":{"start":{"line":45,"column":4},"end":{"line":58,"column":5}},"24":{"start":{"line":46,"column":47},"end":{"line":46,"column":55}},"25":{"start":{"line":47,"column":8},"end":{"line":49,"column":9}},"26":{"start":{"line":48,"column":12},"end":{"line":48,"column":68}},"27":{"start":{"line":51,"column":23},"end":{"line":54,"column":9}},"28":{"start":{"line":55,"column":8},"end":{"line":55,"column":45}},"29":{"start":{"line":57,"column":8},"end":{"line":57,"column":58}},"30":{"start":{"line":62,"column":0},"end":{"line":79,"column":3}},"31":{"start":{"line":63,"column":4},"end":{"line":78,"column":5}},"32":{"start":{"line":64,"column":19},"end":{"line":64,"column":46}},"33":{"start":{"line":65,"column":47},"end":{"line":65,"column":55}},"34":{"start":{"line":67,"column":8},"end":{"line":67,"column":76}},"35":{"start":{"line":67,"column":23},"end":{"line":67,"column":76}},"36":{"start":{"line":69,"column":23},"end":{"line":72,"column":9}},"37":{"start":{"line":74,"column":8},"end":{"line":74,"column":95}},"38":{"start":{"line":74,"column":38},"end":{"line":74,"column":95}},"39":{"start":{"line":75,"column":8},"end":{"line":75,"column":33}},"40":{"start":{"line":77,"column":8},"end":{"line":77,"column":58}},"41":{"start":{"line":82,"column":0},"end":{"line":92,"column":3}},"42":{"start":{"line":83,"column":4},"end":{"line":91,"column":5}},"43":{"start":{"line":84,"column":19},"end":{"line":84,"column":46}},"44":{"start":{"line":85,"column":23},"end":{"line":85,"column":101}},"45":{"start":{"line":87,"column":8},"end":{"line":87,"column":95}},"46":{"start":{"line":87,"column":38},"end":{"line":87,"column":95}},"47":{"start":{"line":88,"column":8},"end":{"line":88,"column":46}},"48":{"start":{"line":90,"column":8},"end":{"line":90,"column":58}},"49":{"start":{"line":94,"column":13},"end":{"line":94,"column":37}},"50":{"start":{"line":95,"column":0},"end":{"line":97,"column":1}},"51":{"start":{"line":96,"column":4},"end":{"line":96,"column":86}},"52":{"start":{"line":96,"column":27},"end":{"line":96,"column":84}},"53":{"start":{"line":99,"column":0},"end":{"line":99,"column":25}}},"fnMap":{"0":{"name":"(anonymous_0)","decl":{"start":{"line":19,"column":22},"end":{"line":19,"column":23}},"loc":{"start":{"line":19,"column":42},"end":{"line":26,"column":1}},"line":19},"1":{"name":"(anonymous_1)","decl":{"start":{"line":29,"column":26},"end":{"line":29,"column":27}},"loc":{"start":{"line":29,"column":46},"end":{"line":41,"column":1}},"line":29},"2":{"name":"(anonymous_2)","decl":{"start":{"line":44,"column":23},"end":{"line":44,"column":24}},"loc":{"start":{"line":44,"column":43},"end":{"line":59,"column":1}},"line":44},"3":{"name":"(anonymous_3)","decl":{"start":{"line":62,"column":26},"end":{"line":62,"column":27}},"loc":{"start":{"line":62,"column":46},"end":{"line":79,"column":1}},"line":62},"4":{"name":"(anonymous_4)","decl":{"start":{"line":82,"column":29},"end":{"line":82,"column":30}},"loc":{"start":{"line":82,"column":49},"end":{"line":92,"column":1}},"line":82},"5":{"name":"(anonymous_5)","decl":{"start":{"line":96,"column":21},"end":{"line":96,"column":22}},"loc":{"start":{"line":96,"column":27},"end":{"line":96,"column":84}},"line":96}},"branchMap":{"0":{"loc":{"start":{"line":11,"column":14},"end":{"line":11,"column":79}},"type":"cond-expr","locations":[{"start":{"line":11,"column":48},"end":{"line":11,"column":63}},{"start":{"line":11,"column":66},"end":{"line":11,"column":79}}],"line":11},"1":{"loc":{"start":{"line":32,"column":8},"end":{"line":32,"column":81}},"type":"if","locations":[{"start":{"line":32,"column":8},"end":{"line":32,"column":81}},{"start":{},"end":{}}],"line":32},"2":{"loc":{"start":{"line":35,"column":8},"end":{"line":35,"column":95}},"type":"if","locations":[{"start":{"line":35,"column":8},"end":{"line":35,"column":95}},{"start":{},"end":{}}],"line":35},"3":{"loc":{"start":{"line":47,"column":8},"end":{"line":49,"column":9}},"type":"if","locations":[{"start":{"line":47,"column":8},"end":{"line":49,"column":9}},{"start":{},"end":{}}],"line":47},"4":{"loc":{"start":{"line":47,"column":12},"end":{"line":47,"column":49}},"type":"binary-expr","locations":[{"start":{"line":47,"column":12},"end":{"line":47,"column":24}},{"start":{"line":47,"column":28},"end":{"line":47,"column":49}}],"line":47},"5":{"loc":{"start":{"line":53,"column":49},"end":{"line":53,"column":65}},"type":"binary-expr","locations":[{"start":{"line":53,"column":49},"end":{"line":53,"column":55}},{"start":{"line":53,"column":59},"end":{"line":53,"column":65}}],"line":53},"6":{"loc":{"start":{"line":67,"column":8},"end":{"line":67,"column":76}},"type":"if","locations":[{"start":{"line":67,"column":8},"end":{"line":67,"column":76}},{"start":{},"end":{}}],"line":67},"7":{"loc":{"start":{"line":74,"column":8},"end":{"line":74,"column":95}},"type":"if","locations":[{"start":{"line":74,"column":8},"end":{"line":74,"column":95}},{"start":{},"end":{}}],"line":74},"8":{"loc":{"start":{"line":87,"column":8},"end":{"line":87,"column":95}},"type":"if","locations":[{"start":{"line":87,"column":8},"end":{"line":87,"column":95}},{"start":{},"end":{}}],"line":87},"9":{"loc":{"start":{"line":94,"column":13},"end":{"line":94,"column":37}},"type":"binary-expr","locations":[{"start":{"line":94,"column":13},"end":{"line":94,"column":29}},{"start":{"line":94,"column":33},"end":{"line":94,"column":37}}],"line":94},"10":{"loc":{"start":{"line":95,"column":0},"end":{"line":97,"column":1}},"type":"if","locations":[{"start":{"line":95,"column":0},"end":{"line":97,"column":1}},{"start":{},"end":{}}],"line":95}},"s":{"0":1,"1":1,"2":1,"3":1,"4":1,"5":1,"6":1,"7":1,"8":2,"9":2,"10":1,"11":1,"12":1,"13":3,"14":3,"15":3,"16":1,"17":2,"18":2,"19":1,"20":1,"21":0,"22":1,"23":3,"24":3,"25":3,"26":2,"27":1,"28":1,"29":0,"30":1,"31":2,"32":2,"33":2,"34":2,"35":0,"36":2,"37":2,"38":1,"39":1,"40":0,"41":1,"42":2,"43":2,"44":2,"45":2,"46":1,"47":1,"48":0,"49":1,"50":1,"51":0,"52":0,"53":1},"f":{"0":2,"1":3,"2":3,"3":2,"4":2,"5":0},"b":{"0":[1,0],"1":[1,2],"2":[1,1],"3":[2,1],"4":[3,2],"5":[1,0],"6":[0,2],"7":[1,1],"8":[1,1],"9":[1,1],"10":[0,1]},"_coverageSchema":"1a1c01bbd47fc00a2c39e90264f33305004495a9","hash":"88edd2ea726fcc0efed470e2d0e580ce85ac03b8"}
}
