TN:
SF:src\server.js
FN:19,(anonymous_0)
FN:29,(anonymous_1)
FN:44,(anonymous_2)
FN:62,(anonymous_3)
FN:82,(anonymous_4)
FN:96,(anonymous_5)
FNF:6
FNH:5
FNDA:2,(anonymous_0)
FNDA:3,(anonymous_1)
FNDA:3,(anonymous_2)
FNDA:2,(anonymous_3)
FNDA:2,(anonymous_4)
FNDA:0,(anonymous_5)
DA:1,1
DA:2,1
DA:3,1
DA:5,1
DA:7,1
DA:15,1
DA:16,1
DA:19,1
DA:20,2
DA:21,2
DA:22,1
DA:24,1
DA:29,1
DA:30,3
DA:31,3
DA:32,3
DA:34,2
DA:35,2
DA:37,1
DA:39,0
DA:44,1
DA:45,3
DA:46,3
DA:47,3
DA:48,2
DA:51,1
DA:55,1
DA:57,0
DA:62,1
DA:63,2
DA:64,2
DA:65,2
DA:67,2
DA:69,2
DA:74,2
DA:75,1
DA:77,0
DA:82,1
DA:83,2
DA:84,2
DA:85,2
DA:87,2
DA:88,1
DA:90,0
DA:94,1
DA:95,1
DA:96,0
DA:99,1
LF:48
LH:43
BRDA:11,0,0,1
BRDA:11,0,1,0
BRDA:32,1,0,1
BRDA:32,1,1,2
BRDA:35,2,0,1
BRDA:35,2,1,1
BRDA:47,3,0,2
BRDA:47,3,1,1
BRDA:47,4,0,3
BRDA:47,4,1,2
BRDA:53,5,0,1
BRDA:53,5,1,0
BRDA:67,6,0,0
BRDA:67,6,1,2
BRDA:74,7,0,1
BRDA:74,7,1,1
BRDA:87,8,0,1
BRDA:87,8,1,1
BRDA:94,9,0,1
BRDA:94,9,1,1
BRDA:95,10,0,0
BRDA:95,10,1,1
BRF:22
BRH:18
end_of_record
